<?xml version="1.0" encoding="UTF-8"?>
<!-- Generated by org.testng.reporters.JUnitReportReporter -->
<testsuite hostname="Joshuas-Mini.lan" failures="0" tests="1" name="Website" time="17.355" errors="0" timestamp="2022-05-16T18:50:22 CDT" skipped="0">
  <testcase classname="Website" name="LetsGOOO" time="17.355"/>
  <system-out/>
</testsuite> <!-- Website -->
