<?xml version="1.0" encoding="UTF-8"?>
<!-- Generated by org.testng.reporters.JUnitReportReporter -->
<testsuite hostname="Joshuas-Mini.lan" failures="0" tests="1" name="Website" time="11.996" errors="0" timestamp="2022-05-16T20:36:57 CDT" skipped="0">
  <testcase classname="Website" name="LetsGOOO" time="11.996"/>
  <system-out/>
</testsuite> <!-- Website -->
